  main.cpp
d:\programmieren\introduction to algorithms\data structures\data structures\AVL Tree.h(70): warning C4240: Nicht dem Standard entsprechende Erweiterung: Zugriff auf "N2B_Data::AVL_Tree::Node" nun als "private" definiert, wurde zuvor als "public" definiert
  d:\programmieren\introduction to algorithms\data structures\data structures\AVL Tree.h(58): note: Siehe Deklaration von "N2B_Data::AVL_Tree::Node"
d:\programmieren\introduction to algorithms\data structures\data structures\Heap.h(76): warning C4018: "<": Konflikt zwischen "signed" und "unsigned"
  d:\programmieren\introduction to algorithms\data structures\data structures\Heap.h(72): note: Bei der Kompilierung der Klassen-template der "void N2B_Data::Max_Heap<std::vector<int,std::allocator<_Ty>>>::heapify(int)"-Memberfunktion
          with
          [
              _Ty=int
          ]
  d:\programmieren\introduction to algorithms\data structures\data structures\Heap.h(56): note: Siehe Verweis auf die Instanziierung der gerade kompilierten Funktions-template "void N2B_Data::Max_Heap<std::vector<int,std::allocator<_Ty>>>::heapify(int)".
          with
          [
              _Ty=int
          ]
  d:\programmieren\introduction to algorithms\data structures\data structures\Heap.h(35): note: Bei der Kompilierung der Klassen-template der "void N2B_Data::Max_Heap<std::vector<int,std::allocator<_Ty>>>::insert(int)"-Memberfunktion
          with
          [
              _Ty=int
          ]
  d:\programmieren\introduction to algorithms\data structures\data structures\Heap.h(111): note: Siehe Verweis auf die Instanziierung der gerade kompilierten Funktions-template "void N2B_Data::Max_Heap<std::vector<int,std::allocator<_Ty>>>::insert(int)".
          with
          [
              _Ty=int
          ]
  d:\programmieren\introduction to algorithms\data structures\data structures\Heap.h(105): note: Siehe Verweis auf die Instanziierung der gerade kompilierten Klassen-template "N2B_Data::Max_Heap<std::vector<int,std::allocator<_Ty>>>".
          with
          [
              _Ty=int
          ]
d:\programmieren\introduction to algorithms\data structures\data structures\Heap.h(78): warning C4018: "<": Konflikt zwischen "signed" und "unsigned"
  Code wird generiert.
  6 of 33 functions (18.2%) were compiled, the rest were copied from previous compilation.
    1 functions were new in current compilation
    10 functions had inline decision re-evaluated but remain unchanged
  Codegenerierung ist abgeschlossen.
  Data structures.vcxproj -> D:\Programmieren\Introduction to Algorithms\Data structures\Release\Data structures.exe
  Data structures.vcxproj -> D:\Programmieren\Introduction to Algorithms\Data structures\Release\Data structures.pdb (Full PDB)
