  main.cpp
d:\programmieren\introduction to algorithms\sorting\sorting\Counting_Sort.h(18): warning C4018: "<": Konflikt zwischen "signed" und "unsigned"
  d:\programmieren\introduction to algorithms\sorting\sorting\Counting_Sort.h(14): note: Bei der Kompilierung der Klassen-template der "void N2B_Sort::Counting_Sort<std::vector<int,std::allocator<_Ty>>>::sort(T &,int)"-Memberfunktion
          with
          [
              _Ty=int,
              T=std::vector<int,std::allocator<int>>
          ]
  d:\programmieren\introduction to algorithms\sorting\sorting\Counting_Sort.h(56): note: Siehe Verweis auf die Instanziierung der gerade kompilierten Funktions-template "void N2B_Sort::Counting_Sort<std::vector<int,std::allocator<_Ty>>>::sort(T &,int)".
          with
          [
              _Ty=int,
              T=std::vector<int,std::allocator<int>>
          ]
  d:\programmieren\introduction to algorithms\sorting\sorting\Counting_Sort.h(52): note: Siehe Verweis auf die Instanziierung der gerade kompilierten Klassen-template "N2B_Sort::Counting_Sort<std::vector<int,std::allocator<_Ty>>>".
          with
          [
              _Ty=int
          ]
d:\programmieren\introduction to algorithms\sorting\sorting\Counting_Sort.h(21): warning C4018: "<": Konflikt zwischen "signed" und "unsigned"
d:\programmieren\introduction to algorithms\sorting\sorting\../../Data structures/Data structures/Heap.h(76): warning C4018: "<": Konflikt zwischen "signed" und "unsigned"
  d:\programmieren\introduction to algorithms\sorting\sorting\../../Data structures/Data structures/Heap.h(72): note: Bei der Kompilierung der Klassen-template der "void N2B_Algo::Max_Heap<std::vector<int,std::allocator<_Ty>>>::heapify(int)"-Memberfunktion
          with
          [
              _Ty=int
          ]
  d:\programmieren\introduction to algorithms\sorting\sorting\../../Data structures/Data structures/Heap.h(56): note: Siehe Verweis auf die Instanziierung der gerade kompilierten Funktions-template "void N2B_Algo::Max_Heap<std::vector<int,std::allocator<_Ty>>>::heapify(int)".
          with
          [
              _Ty=int
          ]
  d:\programmieren\introduction to algorithms\sorting\sorting\../../Data structures/Data structures/Heap.h(35): note: Bei der Kompilierung der Klassen-template der "void N2B_Algo::Max_Heap<std::vector<int,std::allocator<_Ty>>>::insert(int)"-Memberfunktion
          with
          [
              _Ty=int
          ]
  d:\programmieren\introduction to algorithms\sorting\sorting\../../Data structures/Data structures/Heap.h(110): note: Siehe Verweis auf die Instanziierung der gerade kompilierten Funktions-template "void N2B_Algo::Max_Heap<std::vector<int,std::allocator<_Ty>>>::insert(int)".
          with
          [
              _Ty=int
          ]
  d:\programmieren\introduction to algorithms\sorting\sorting\../../Data structures/Data structures/Heap.h(104): note: Siehe Verweis auf die Instanziierung der gerade kompilierten Klassen-template "N2B_Algo::Max_Heap<std::vector<int,std::allocator<_Ty>>>".
          with
          [
              _Ty=int
          ]
d:\programmieren\introduction to algorithms\sorting\sorting\../../Data structures/Data structures/Heap.h(78): warning C4018: "<": Konflikt zwischen "signed" und "unsigned"
  Code wird generiert.
  9 of 417 functions ( 2.2%) were compiled, the rest were copied from previous compilation.
    0 functions were new in current compilation
    7 functions had inline decision re-evaluated but remain unchanged
  Codegenerierung ist abgeschlossen.
  Sorting.vcxproj -> D:\Programmieren\Introduction to Algorithms\Sorting\Release\Sorting.exe
  Sorting.vcxproj -> D:\Programmieren\Introduction to Algorithms\Sorting\Release\Sorting.pdb (Full PDB)
